<?xml version="1.0" encoding="UTF-8"?>
<testsuite xmlns:xsi="http://www.w3.org/2001/XMLSchema-instance" xsi:noNamespaceSchemaLocation="https://maven.apache.org/surefire/maven-surefire-plugin/xsd/surefire-test-report-3.0.xsd" version="3.0" name="tests.ui.LoginFlowTest" time="34.111" tests="1" errors="0" skipped="0" failures="0">
  <properties>
    <property name="java.specification.version" value="23"/>
    <property name="sun.jnu.encoding" value="UTF-8"/>
    <property name="java.class.path" value="/Users/eraycakir/Desktop/Booking_Platform_Test_Framework/target/test-classes:/Users/eraycakir/Desktop/Booking_Platform_Test_Framework/target/classes:/Users/eraycakir/.m2/repository/org/seleniumhq/selenium/selenium-java/4.20.0/selenium-java-4.20.0.jar:/Users/eraycakir/.m2/repository/org/seleniumhq/selenium/selenium-api/4.20.0/selenium-api-4.20.0.jar:/Users/eraycakir/.m2/repository/org/seleniumhq/selenium/selenium-chrome-driver/4.20.0/selenium-chrome-driver-4.20.0.jar:/Users/eraycakir/.m2/repository/com/google/auto/service/auto-service-annotations/1.1.1/auto-service-annotations-1.1.1.jar:/Users/eraycakir/.m2/repository/org/seleniumhq/selenium/selenium-chromium-driver/4.20.0/selenium-chromium-driver-4.20.0.jar:/Users/eraycakir/.m2/repository/org/seleniumhq/selenium/selenium-json/4.20.0/selenium-json-4.20.0.jar:/Users/eraycakir/.m2/repository/org/seleniumhq/selenium/selenium-manager/4.20.0/selenium-manager-4.20.0.jar:/Users/eraycakir/.m2/repository/org/seleniumhq/selenium/selenium-devtools-v122/4.20.0/selenium-devtools-v122-4.20.0.jar:/Users/eraycakir/.m2/repository/org/seleniumhq/selenium/selenium-devtools-v123/4.20.0/selenium-devtools-v123-4.20.0.jar:/Users/eraycakir/.m2/repository/org/seleniumhq/selenium/selenium-devtools-v124/4.20.0/selenium-devtools-v124-4.20.0.jar:/Users/eraycakir/.m2/repository/org/seleniumhq/selenium/selenium-devtools-v85/4.20.0/selenium-devtools-v85-4.20.0.jar:/Users/eraycakir/.m2/repository/org/seleniumhq/selenium/selenium-edge-driver/4.20.0/selenium-edge-driver-4.20.0.jar:/Users/eraycakir/.m2/repository/org/seleniumhq/selenium/selenium-firefox-driver/4.20.0/selenium-firefox-driver-4.20.0.jar:/Users/eraycakir/.m2/repository/org/seleniumhq/selenium/selenium-http/4.20.0/selenium-http-4.20.0.jar:/Users/eraycakir/.m2/repository/dev/failsafe/failsafe/3.3.2/failsafe-3.3.2.jar:/Users/eraycakir/.m2/repository/org/seleniumhq/selenium/selenium-ie-driver/4.20.0/selenium-ie-driver-4.20.0.jar:/Users/eraycakir/.m2/repository/org/seleniumhq/selenium/selenium-remote-driver/4.20.0/selenium-remote-driver-4.20.0.jar:/Users/eraycakir/.m2/repository/com/google/guava/guava/33.1.0-jre/guava-33.1.0-jre.jar:/Users/eraycakir/.m2/repository/com/google/guava/failureaccess/1.0.2/failureaccess-1.0.2.jar:/Users/eraycakir/.m2/repository/com/google/guava/listenablefuture/9999.0-empty-to-avoid-conflict-with-guava/listenablefuture-9999.0-empty-to-avoid-conflict-with-guava.jar:/Users/eraycakir/.m2/repository/com/google/code/findbugs/jsr305/3.0.2/jsr305-3.0.2.jar:/Users/eraycakir/.m2/repository/org/checkerframework/checker-qual/3.42.0/checker-qual-3.42.0.jar:/Users/eraycakir/.m2/repository/com/google/j2objc/j2objc-annotations/3.0.0/j2objc-annotations-3.0.0.jar:/Users/eraycakir/.m2/repository/io/opentelemetry/semconv/opentelemetry-semconv/1.25.0-alpha/opentelemetry-semconv-1.25.0-alpha.jar:/Users/eraycakir/.m2/repository/io/opentelemetry/opentelemetry-api/1.37.0/opentelemetry-api-1.37.0.jar:/Users/eraycakir/.m2/repository/io/opentelemetry/opentelemetry-context/1.37.0/opentelemetry-context-1.37.0.jar:/Users/eraycakir/.m2/repository/io/opentelemetry/opentelemetry-exporter-logging/1.37.0/opentelemetry-exporter-logging-1.37.0.jar:/Users/eraycakir/.m2/repository/io/opentelemetry/opentelemetry-sdk-common/1.37.0/opentelemetry-sdk-common-1.37.0.jar:/Users/eraycakir/.m2/repository/io/opentelemetry/opentelemetry-sdk-extension-autoconfigure-spi/1.37.0/opentelemetry-sdk-extension-autoconfigure-spi-1.37.0.jar:/Users/eraycakir/.m2/repository/io/opentelemetry/opentelemetry-sdk-extension-autoconfigure/1.37.0/opentelemetry-sdk-extension-autoconfigure-1.37.0.jar:/Users/eraycakir/.m2/repository/io/opentelemetry/opentelemetry-api-incubator/1.37.0-alpha/opentelemetry-api-incubator-1.37.0-alpha.jar:/Users/eraycakir/.m2/repository/io/opentelemetry/opentelemetry-sdk-trace/1.37.0/opentelemetry-sdk-trace-1.37.0.jar:/Users/eraycakir/.m2/repository/io/opentelemetry/opentelemetry-sdk/1.37.0/opentelemetry-sdk-1.37.0.jar:/Users/eraycakir/.m2/repository/io/opentelemetry/opentelemetry-sdk-metrics/1.37.0/opentelemetry-sdk-metrics-1.37.0.jar:/Users/eraycakir/.m2/repository/io/opentelemetry/opentelemetry-sdk-logs/1.37.0/opentelemetry-sdk-logs-1.37.0.jar:/Users/eraycakir/.m2/repository/net/bytebuddy/byte-buddy/1.14.14/byte-buddy-1.14.14.jar:/Users/eraycakir/.m2/repository/org/seleniumhq/selenium/selenium-os/4.20.0/selenium-os-4.20.0.jar:/Users/eraycakir/.m2/repository/org/apache/commons/commons-exec/1.4.0/commons-exec-1.4.0.jar:/Users/eraycakir/.m2/repository/org/seleniumhq/selenium/selenium-safari-driver/4.20.0/selenium-safari-driver-4.20.0.jar:/Users/eraycakir/.m2/repository/org/seleniumhq/selenium/selenium-support/4.20.0/selenium-support-4.20.0.jar:/Users/eraycakir/.m2/repository/io/appium/java-client/9.3.0/java-client-9.3.0.jar:/Users/eraycakir/.m2/repository/com/google/code/gson/gson/2.11.0/gson-2.11.0.jar:/Users/eraycakir/.m2/repository/com/google/errorprone/error_prone_annotations/2.27.0/error_prone_annotations-2.27.0.jar:/Users/eraycakir/.m2/repository/org/slf4j/slf4j-api/2.0.13/slf4j-api-2.0.13.jar:/Users/eraycakir/.m2/repository/io/github/bonigarcia/webdrivermanager/5.6.2/webdrivermanager-5.6.2.jar:/Users/eraycakir/.m2/repository/com/github/docker-java/docker-java/3.3.4/docker-java-3.3.4.jar:/Users/eraycakir/.m2/repository/com/github/docker-java/docker-java-core/3.3.4/docker-java-core-3.3.4.jar:/Users/eraycakir/.m2/repository/com/github/docker-java/docker-java-api/3.3.4/docker-java-api-3.3.4.jar:/Users/eraycakir/.m2/repository/org/bouncycastle/bcpkix-jdk18on/1.76/bcpkix-jdk18on-1.76.jar:/Users/eraycakir/.m2/repository/org/bouncycastle/bcprov-jdk18on/1.76/bcprov-jdk18on-1.76.jar:/Users/eraycakir/.m2/repository/org/bouncycastle/bcutil-jdk18on/1.76/bcutil-jdk18on-1.76.jar:/Users/eraycakir/.m2/repository/org/slf4j/jcl-over-slf4j/1.7.30/jcl-over-slf4j-1.7.30.jar:/Users/eraycakir/.m2/repository/com/github/docker-java/docker-java-transport-httpclient5/3.3.4/docker-java-transport-httpclient5-3.3.4.jar:/Users/eraycakir/.m2/repository/com/github/docker-java/docker-java-transport/3.3.4/docker-java-transport-3.3.4.jar:/Users/eraycakir/.m2/repository/net/java/dev/jna/jna/5.13.0/jna-5.13.0.jar:/Users/eraycakir/.m2/repository/org/brotli/dec/0.1.2/dec-0.1.2.jar:/Users/eraycakir/.m2/repository/org/apache/commons/commons-lang3/3.13.0/commons-lang3-3.13.0.jar:/Users/eraycakir/.m2/repository/org/apache/commons/commons-compress/1.24.0/commons-compress-1.24.0.jar:/Users/eraycakir/.m2/repository/org/apache/httpcomponents/client5/httpclient5/5.2.1/httpclient5-5.2.1.jar:/Users/eraycakir/.m2/repository/org/apache/httpcomponents/core5/httpcore5/5.2/httpcore5-5.2.jar:/Users/eraycakir/.m2/repository/org/apache/httpcomponents/core5/httpcore5-h2/5.2/httpcore5-h2-5.2.jar:/Users/eraycakir/.m2/repository/org/testng/testng/7.8.0/testng-7.8.0.jar:/Users/eraycakir/.m2/repository/com/beust/jcommander/1.82/jcommander-1.82.jar:/Users/eraycakir/.m2/repository/org/webjars/jquery/3.6.1/jquery-3.6.1.jar:/Users/eraycakir/.m2/repository/io/qameta/allure/allure-testng/2.24.0/allure-testng-2.24.0.jar:/Users/eraycakir/.m2/repository/io/qameta/allure/allure-java-commons/2.24.0/allure-java-commons-2.24.0.jar:/Users/eraycakir/.m2/repository/io/qameta/allure/allure-model/2.24.0/allure-model-2.24.0.jar:/Users/eraycakir/.m2/repository/io/qameta/allure/allure-test-filter/2.24.0/allure-test-filter-2.24.0.jar:/Users/eraycakir/.m2/repository/io/rest-assured/rest-assured/5.3.2/rest-assured-5.3.2.jar:/Users/eraycakir/.m2/repository/org/apache/groovy/groovy/4.0.11/groovy-4.0.11.jar:/Users/eraycakir/.m2/repository/org/apache/groovy/groovy-xml/4.0.11/groovy-xml-4.0.11.jar:/Users/eraycakir/.m2/repository/org/apache/httpcomponents/httpclient/4.5.13/httpclient-4.5.13.jar:/Users/eraycakir/.m2/repository/org/apache/httpcomponents/httpcore/4.4.13/httpcore-4.4.13.jar:/Users/eraycakir/.m2/repository/commons-logging/commons-logging/1.2/commons-logging-1.2.jar:/Users/eraycakir/.m2/repository/commons-codec/commons-codec/1.11/commons-codec-1.11.jar:/Users/eraycakir/.m2/repository/org/apache/httpcomponents/httpmime/4.5.13/httpmime-4.5.13.jar:/Users/eraycakir/.m2/repository/org/hamcrest/hamcrest/2.2/hamcrest-2.2.jar:/Users/eraycakir/.m2/repository/org/ccil/cowan/tagsoup/tagsoup/1.2.1/tagsoup-1.2.1.jar:/Users/eraycakir/.m2/repository/io/rest-assured/json-path/5.3.2/json-path-5.3.2.jar:/Users/eraycakir/.m2/repository/org/apache/groovy/groovy-json/4.0.11/groovy-json-4.0.11.jar:/Users/eraycakir/.m2/repository/io/rest-assured/rest-assured-common/5.3.2/rest-assured-common-5.3.2.jar:/Users/eraycakir/.m2/repository/io/rest-assured/xml-path/5.3.2/xml-path-5.3.2.jar:/Users/eraycakir/.m2/repository/com/fasterxml/jackson/core/jackson-databind/2.16.0/jackson-databind-2.16.0.jar:/Users/eraycakir/.m2/repository/com/fasterxml/jackson/core/jackson-annotations/2.16.0/jackson-annotations-2.16.0.jar:/Users/eraycakir/.m2/repository/com/fasterxml/jackson/core/jackson-core/2.16.0/jackson-core-2.16.0.jar:/Users/eraycakir/.m2/repository/com/aventstack/extentreports/5.1.1/extentreports-5.1.1.jar:/Users/eraycakir/.m2/repository/io/reactivex/rxjava3/rxjava/3.1.6/rxjava-3.1.6.jar:/Users/eraycakir/.m2/repository/org/reactivestreams/reactive-streams/1.0.4/reactive-streams-1.0.4.jar:/Users/eraycakir/.m2/repository/org/freemarker/freemarker/2.3.32/freemarker-2.3.32.jar:/Users/eraycakir/.m2/repository/org/projectlombok/lombok/1.18.26/lombok-1.18.26.jar:/Users/eraycakir/.m2/repository/org/apache/logging/log4j/log4j-core/2.21.1/log4j-core-2.21.1.jar:/Users/eraycakir/.m2/repository/org/apache/logging/log4j/log4j-api/2.21.1/log4j-api-2.21.1.jar:/Users/eraycakir/.m2/repository/com/github/javafaker/javafaker/1.0.2/javafaker-1.0.2.jar:/Users/eraycakir/.m2/repository/org/yaml/snakeyaml/1.23/snakeyaml-1.23-android.jar:/Users/eraycakir/.m2/repository/com/github/mifmif/generex/1.0.2/generex-1.0.2.jar:/Users/eraycakir/.m2/repository/dk/brics/automaton/automaton/1.11-8/automaton-1.11-8.jar:/Users/eraycakir/.m2/repository/com/opencsv/opencsv/5.9/opencsv-5.9.jar:/Users/eraycakir/.m2/repository/org/apache/commons/commons-text/1.11.0/commons-text-1.11.0.jar:/Users/eraycakir/.m2/repository/commons-beanutils/commons-beanutils/1.9.4/commons-beanutils-1.9.4.jar:/Users/eraycakir/.m2/repository/commons-collections/commons-collections/3.2.2/commons-collections-3.2.2.jar:/Users/eraycakir/.m2/repository/org/apache/commons/commons-collections4/4.4/commons-collections4-4.4.jar:/Users/eraycakir/.m2/repository/commons-io/commons-io/2.15.1/commons-io-2.15.1.jar:"/>
    <property name="java.vm.vendor" value="Homebrew"/>
    <property name="sun.arch.data.model" value="64"/>
    <property name="java.vendor.url" value="https://github.com/Homebrew/homebrew-core/issues"/>
    <property name="user.timezone" value="Europe/Istanbul"/>
    <property name="os.name" value="Mac OS X"/>
    <property name="java.vm.specification.version" value="23"/>
    <property name="sun.java.launcher" value="SUN_STANDARD"/>
    <property name="user.country" value="TR"/>
    <property name="sun.boot.library.path" value="/opt/homebrew/Cellar/openjdk/23.0.2/libexec/openjdk.jdk/Contents/Home/lib"/>
    <property name="sun.java.command" value="/Users/eraycakir/Desktop/Booking_Platform_Test_Framework/target/surefire/surefirebooter-20250807144004131_3.jar /Users/eraycakir/Desktop/Booking_Platform_Test_Framework/target/surefire 2025-08-07T14-40-04_089-jvmRun1 surefire-20250807144004131_1tmp surefire_0-20250807144004131_2tmp"/>
    <property name="http.nonProxyHosts" value="local|*.local|169.254/16|*.169.254/16"/>
    <property name="jdk.debug" value="release"/>
    <property name="test" value="LoginFlowTest#testLoginFlowToEmailEntry"/>
    <property name="surefire.test.class.path" value="/Users/eraycakir/Desktop/Booking_Platform_Test_Framework/target/test-classes:/Users/eraycakir/Desktop/Booking_Platform_Test_Framework/target/classes:/Users/eraycakir/.m2/repository/org/seleniumhq/selenium/selenium-java/4.20.0/selenium-java-4.20.0.jar:/Users/eraycakir/.m2/repository/org/seleniumhq/selenium/selenium-api/4.20.0/selenium-api-4.20.0.jar:/Users/eraycakir/.m2/repository/org/seleniumhq/selenium/selenium-chrome-driver/4.20.0/selenium-chrome-driver-4.20.0.jar:/Users/eraycakir/.m2/repository/com/google/auto/service/auto-service-annotations/1.1.1/auto-service-annotations-1.1.1.jar:/Users/eraycakir/.m2/repository/org/seleniumhq/selenium/selenium-chromium-driver/4.20.0/selenium-chromium-driver-4.20.0.jar:/Users/eraycakir/.m2/repository/org/seleniumhq/selenium/selenium-json/4.20.0/selenium-json-4.20.0.jar:/Users/eraycakir/.m2/repository/org/seleniumhq/selenium/selenium-manager/4.20.0/selenium-manager-4.20.0.jar:/Users/eraycakir/.m2/repository/org/seleniumhq/selenium/selenium-devtools-v122/4.20.0/selenium-devtools-v122-4.20.0.jar:/Users/eraycakir/.m2/repository/org/seleniumhq/selenium/selenium-devtools-v123/4.20.0/selenium-devtools-v123-4.20.0.jar:/Users/eraycakir/.m2/repository/org/seleniumhq/selenium/selenium-devtools-v124/4.20.0/selenium-devtools-v124-4.20.0.jar:/Users/eraycakir/.m2/repository/org/seleniumhq/selenium/selenium-devtools-v85/4.20.0/selenium-devtools-v85-4.20.0.jar:/Users/eraycakir/.m2/repository/org/seleniumhq/selenium/selenium-edge-driver/4.20.0/selenium-edge-driver-4.20.0.jar:/Users/eraycakir/.m2/repository/org/seleniumhq/selenium/selenium-firefox-driver/4.20.0/selenium-firefox-driver-4.20.0.jar:/Users/eraycakir/.m2/repository/org/seleniumhq/selenium/selenium-http/4.20.0/selenium-http-4.20.0.jar:/Users/eraycakir/.m2/repository/dev/failsafe/failsafe/3.3.2/failsafe-3.3.2.jar:/Users/eraycakir/.m2/repository/org/seleniumhq/selenium/selenium-ie-driver/4.20.0/selenium-ie-driver-4.20.0.jar:/Users/eraycakir/.m2/repository/org/seleniumhq/selenium/selenium-remote-driver/4.20.0/selenium-remote-driver-4.20.0.jar:/Users/eraycakir/.m2/repository/com/google/guava/guava/33.1.0-jre/guava-33.1.0-jre.jar:/Users/eraycakir/.m2/repository/com/google/guava/failureaccess/1.0.2/failureaccess-1.0.2.jar:/Users/eraycakir/.m2/repository/com/google/guava/listenablefuture/9999.0-empty-to-avoid-conflict-with-guava/listenablefuture-9999.0-empty-to-avoid-conflict-with-guava.jar:/Users/eraycakir/.m2/repository/com/google/code/findbugs/jsr305/3.0.2/jsr305-3.0.2.jar:/Users/eraycakir/.m2/repository/org/checkerframework/checker-qual/3.42.0/checker-qual-3.42.0.jar:/Users/eraycakir/.m2/repository/com/google/j2objc/j2objc-annotations/3.0.0/j2objc-annotations-3.0.0.jar:/Users/eraycakir/.m2/repository/io/opentelemetry/semconv/opentelemetry-semconv/1.25.0-alpha/opentelemetry-semconv-1.25.0-alpha.jar:/Users/eraycakir/.m2/repository/io/opentelemetry/opentelemetry-api/1.37.0/opentelemetry-api-1.37.0.jar:/Users/eraycakir/.m2/repository/io/opentelemetry/opentelemetry-context/1.37.0/opentelemetry-context-1.37.0.jar:/Users/eraycakir/.m2/repository/io/opentelemetry/opentelemetry-exporter-logging/1.37.0/opentelemetry-exporter-logging-1.37.0.jar:/Users/eraycakir/.m2/repository/io/opentelemetry/opentelemetry-sdk-common/1.37.0/opentelemetry-sdk-common-1.37.0.jar:/Users/eraycakir/.m2/repository/io/opentelemetry/opentelemetry-sdk-extension-autoconfigure-spi/1.37.0/opentelemetry-sdk-extension-autoconfigure-spi-1.37.0.jar:/Users/eraycakir/.m2/repository/io/opentelemetry/opentelemetry-sdk-extension-autoconfigure/1.37.0/opentelemetry-sdk-extension-autoconfigure-1.37.0.jar:/Users/eraycakir/.m2/repository/io/opentelemetry/opentelemetry-api-incubator/1.37.0-alpha/opentelemetry-api-incubator-1.37.0-alpha.jar:/Users/eraycakir/.m2/repository/io/opentelemetry/opentelemetry-sdk-trace/1.37.0/opentelemetry-sdk-trace-1.37.0.jar:/Users/eraycakir/.m2/repository/io/opentelemetry/opentelemetry-sdk/1.37.0/opentelemetry-sdk-1.37.0.jar:/Users/eraycakir/.m2/repository/io/opentelemetry/opentelemetry-sdk-metrics/1.37.0/opentelemetry-sdk-metrics-1.37.0.jar:/Users/eraycakir/.m2/repository/io/opentelemetry/opentelemetry-sdk-logs/1.37.0/opentelemetry-sdk-logs-1.37.0.jar:/Users/eraycakir/.m2/repository/net/bytebuddy/byte-buddy/1.14.14/byte-buddy-1.14.14.jar:/Users/eraycakir/.m2/repository/org/seleniumhq/selenium/selenium-os/4.20.0/selenium-os-4.20.0.jar:/Users/eraycakir/.m2/repository/org/apache/commons/commons-exec/1.4.0/commons-exec-1.4.0.jar:/Users/eraycakir/.m2/repository/org/seleniumhq/selenium/selenium-safari-driver/4.20.0/selenium-safari-driver-4.20.0.jar:/Users/eraycakir/.m2/repository/org/seleniumhq/selenium/selenium-support/4.20.0/selenium-support-4.20.0.jar:/Users/eraycakir/.m2/repository/io/appium/java-client/9.3.0/java-client-9.3.0.jar:/Users/eraycakir/.m2/repository/com/google/code/gson/gson/2.11.0/gson-2.11.0.jar:/Users/eraycakir/.m2/repository/com/google/errorprone/error_prone_annotations/2.27.0/error_prone_annotations-2.27.0.jar:/Users/eraycakir/.m2/repository/org/slf4j/slf4j-api/2.0.13/slf4j-api-2.0.13.jar:/Users/eraycakir/.m2/repository/io/github/bonigarcia/webdrivermanager/5.6.2/webdrivermanager-5.6.2.jar:/Users/eraycakir/.m2/repository/com/github/docker-java/docker-java/3.3.4/docker-java-3.3.4.jar:/Users/eraycakir/.m2/repository/com/github/docker-java/docker-java-core/3.3.4/docker-java-core-3.3.4.jar:/Users/eraycakir/.m2/repository/com/github/docker-java/docker-java-api/3.3.4/docker-java-api-3.3.4.jar:/Users/eraycakir/.m2/repository/org/bouncycastle/bcpkix-jdk18on/1.76/bcpkix-jdk18on-1.76.jar:/Users/eraycakir/.m2/repository/org/bouncycastle/bcprov-jdk18on/1.76/bcprov-jdk18on-1.76.jar:/Users/eraycakir/.m2/repository/org/bouncycastle/bcutil-jdk18on/1.76/bcutil-jdk18on-1.76.jar:/Users/eraycakir/.m2/repository/org/slf4j/jcl-over-slf4j/1.7.30/jcl-over-slf4j-1.7.30.jar:/Users/eraycakir/.m2/repository/com/github/docker-java/docker-java-transport-httpclient5/3.3.4/docker-java-transport-httpclient5-3.3.4.jar:/Users/eraycakir/.m2/repository/com/github/docker-java/docker-java-transport/3.3.4/docker-java-transport-3.3.4.jar:/Users/eraycakir/.m2/repository/net/java/dev/jna/jna/5.13.0/jna-5.13.0.jar:/Users/eraycakir/.m2/repository/org/brotli/dec/0.1.2/dec-0.1.2.jar:/Users/eraycakir/.m2/repository/org/apache/commons/commons-lang3/3.13.0/commons-lang3-3.13.0.jar:/Users/eraycakir/.m2/repository/org/apache/commons/commons-compress/1.24.0/commons-compress-1.24.0.jar:/Users/eraycakir/.m2/repository/org/apache/httpcomponents/client5/httpclient5/5.2.1/httpclient5-5.2.1.jar:/Users/eraycakir/.m2/repository/org/apache/httpcomponents/core5/httpcore5/5.2/httpcore5-5.2.jar:/Users/eraycakir/.m2/repository/org/apache/httpcomponents/core5/httpcore5-h2/5.2/httpcore5-h2-5.2.jar:/Users/eraycakir/.m2/repository/org/testng/testng/7.8.0/testng-7.8.0.jar:/Users/eraycakir/.m2/repository/com/beust/jcommander/1.82/jcommander-1.82.jar:/Users/eraycakir/.m2/repository/org/webjars/jquery/3.6.1/jquery-3.6.1.jar:/Users/eraycakir/.m2/repository/io/qameta/allure/allure-testng/2.24.0/allure-testng-2.24.0.jar:/Users/eraycakir/.m2/repository/io/qameta/allure/allure-java-commons/2.24.0/allure-java-commons-2.24.0.jar:/Users/eraycakir/.m2/repository/io/qameta/allure/allure-model/2.24.0/allure-model-2.24.0.jar:/Users/eraycakir/.m2/repository/io/qameta/allure/allure-test-filter/2.24.0/allure-test-filter-2.24.0.jar:/Users/eraycakir/.m2/repository/io/rest-assured/rest-assured/5.3.2/rest-assured-5.3.2.jar:/Users/eraycakir/.m2/repository/org/apache/groovy/groovy/4.0.11/groovy-4.0.11.jar:/Users/eraycakir/.m2/repository/org/apache/groovy/groovy-xml/4.0.11/groovy-xml-4.0.11.jar:/Users/eraycakir/.m2/repository/org/apache/httpcomponents/httpclient/4.5.13/httpclient-4.5.13.jar:/Users/eraycakir/.m2/repository/org/apache/httpcomponents/httpcore/4.4.13/httpcore-4.4.13.jar:/Users/eraycakir/.m2/repository/commons-logging/commons-logging/1.2/commons-logging-1.2.jar:/Users/eraycakir/.m2/repository/commons-codec/commons-codec/1.11/commons-codec-1.11.jar:/Users/eraycakir/.m2/repository/org/apache/httpcomponents/httpmime/4.5.13/httpmime-4.5.13.jar:/Users/eraycakir/.m2/repository/org/hamcrest/hamcrest/2.2/hamcrest-2.2.jar:/Users/eraycakir/.m2/repository/org/ccil/cowan/tagsoup/tagsoup/1.2.1/tagsoup-1.2.1.jar:/Users/eraycakir/.m2/repository/io/rest-assured/json-path/5.3.2/json-path-5.3.2.jar:/Users/eraycakir/.m2/repository/org/apache/groovy/groovy-json/4.0.11/groovy-json-4.0.11.jar:/Users/eraycakir/.m2/repository/io/rest-assured/rest-assured-common/5.3.2/rest-assured-common-5.3.2.jar:/Users/eraycakir/.m2/repository/io/rest-assured/xml-path/5.3.2/xml-path-5.3.2.jar:/Users/eraycakir/.m2/repository/com/fasterxml/jackson/core/jackson-databind/2.16.0/jackson-databind-2.16.0.jar:/Users/eraycakir/.m2/repository/com/fasterxml/jackson/core/jackson-annotations/2.16.0/jackson-annotations-2.16.0.jar:/Users/eraycakir/.m2/repository/com/fasterxml/jackson/core/jackson-core/2.16.0/jackson-core-2.16.0.jar:/Users/eraycakir/.m2/repository/com/aventstack/extentreports/5.1.1/extentreports-5.1.1.jar:/Users/eraycakir/.m2/repository/io/reactivex/rxjava3/rxjava/3.1.6/rxjava-3.1.6.jar:/Users/eraycakir/.m2/repository/org/reactivestreams/reactive-streams/1.0.4/reactive-streams-1.0.4.jar:/Users/eraycakir/.m2/repository/org/freemarker/freemarker/2.3.32/freemarker-2.3.32.jar:/Users/eraycakir/.m2/repository/org/projectlombok/lombok/1.18.26/lombok-1.18.26.jar:/Users/eraycakir/.m2/repository/org/apache/logging/log4j/log4j-core/2.21.1/log4j-core-2.21.1.jar:/Users/eraycakir/.m2/repository/org/apache/logging/log4j/log4j-api/2.21.1/log4j-api-2.21.1.jar:/Users/eraycakir/.m2/repository/com/github/javafaker/javafaker/1.0.2/javafaker-1.0.2.jar:/Users/eraycakir/.m2/repository/org/yaml/snakeyaml/1.23/snakeyaml-1.23-android.jar:/Users/eraycakir/.m2/repository/com/github/mifmif/generex/1.0.2/generex-1.0.2.jar:/Users/eraycakir/.m2/repository/dk/brics/automaton/automaton/1.11-8/automaton-1.11-8.jar:/Users/eraycakir/.m2/repository/com/opencsv/opencsv/5.9/opencsv-5.9.jar:/Users/eraycakir/.m2/repository/org/apache/commons/commons-text/1.11.0/commons-text-1.11.0.jar:/Users/eraycakir/.m2/repository/commons-beanutils/commons-beanutils/1.9.4/commons-beanutils-1.9.4.jar:/Users/eraycakir/.m2/repository/commons-collections/commons-collections/3.2.2/commons-collections-3.2.2.jar:/Users/eraycakir/.m2/repository/org/apache/commons/commons-collections4/4.4/commons-collections4-4.4.jar:/Users/eraycakir/.m2/repository/commons-io/commons-io/2.15.1/commons-io-2.15.1.jar:"/>
    <property name="allure.results.directory" value="reports/allure-results"/>
    <property name="sun.cpu.endian" value="little"/>
    <property name="user.home" value="/Users/eraycakir"/>
    <property name="user.language" value="en"/>
    <property name="java.specification.vendor" value="Oracle Corporation"/>
    <property name="java.version.date" value="2025-01-21"/>
    <property name="java.home" value="/opt/homebrew/Cellar/openjdk/23.0.2/libexec/openjdk.jdk/Contents/Home"/>
    <property name="file.separator" value="/"/>
    <property name="basedir" value="/Users/eraycakir/Desktop/Booking_Platform_Test_Framework"/>
    <property name="java.vm.compressedOopsMode" value="Zero based"/>
    <property name="line.separator" value="&#10;"/>
    <property name="java.vm.specification.vendor" value="Oracle Corporation"/>
    <property name="java.specification.name" value="Java Platform API Specification"/>
    <property name="apple.awt.application.name" value="ForkedBooter"/>
    <property name="surefire.real.class.path" value="/Users/eraycakir/Desktop/Booking_Platform_Test_Framework/target/surefire/surefirebooter-20250807144004131_3.jar"/>
    <property name="sun.management.compiler" value="HotSpot 64-Bit Tiered Compilers"/>
    <property name="ftp.nonProxyHosts" value="local|*.local|169.254/16|*.169.254/16"/>
    <property name="java.runtime.version" value="23.0.2"/>
    <property name="user.name" value="eraycakir"/>
    <property name="stdout.encoding" value="UTF-8"/>
    <property name="path.separator" value=":"/>
    <property name="os.version" value="15.3.1"/>
    <property name="java.runtime.name" value="OpenJDK Runtime Environment"/>
    <property name="file.encoding" value="UTF-8"/>
    <property name="java.vm.name" value="OpenJDK 64-Bit Server VM"/>
    <property name="java.vendor.version" value="Homebrew"/>
    <property name="localRepository" value="/Users/eraycakir/.m2/repository"/>
    <property name="java.vendor.url.bug" value="https://github.com/Homebrew/homebrew-core/issues"/>
    <property name="java.io.tmpdir" value="/var/folders/6s/tp5k3vcx2ggd8r4tx3zvjcyc0000gn/T/"/>
    <property name="java.version" value="23.0.2"/>
    <property name="user.dir" value="/Users/eraycakir/Desktop/Booking_Platform_Test_Framework"/>
    <property name="os.arch" value="aarch64"/>
    <property name="java.vm.specification.name" value="Java Virtual Machine Specification"/>
    <property name="native.encoding" value="UTF-8"/>
    <property name="java.library.path" value="/Users/eraycakir/Library/Java/Extensions:/Library/Java/Extensions:/Network/Library/Java/Extensions:/System/Library/Java/Extensions:/usr/lib/java:."/>
    <property name="java.vm.info" value="mixed mode, sharing"/>
    <property name="stderr.encoding" value="UTF-8"/>
    <property name="java.vendor" value="Homebrew"/>
    <property name="java.vm.version" value="23.0.2"/>
    <property name="sun.io.unicode.encoding" value="UnicodeBig"/>
    <property name="socksNonProxyHosts" value="local|*.local|169.254/16|*.169.254/16"/>
    <property name="java.class.version" value="67.0"/>
  </properties>
  <testcase name="testLoginFlowToEmailEntry" classname="tests.ui.LoginFlowTest" time="27.026">
    <system-out><![CDATA[&amp#27;[32m2025-08-07 14:40:05.647 [main] INFO  tests.ui.BaseTest - Starting test setup...
&amp#27;[m&amp#27;[32m2025-08-07 14:40:11.387 [main] INFO  core.DriverFactory - Driver initialized successfully: Platform=ios, Remote=false
&amp#27;[m&amp#27;[32m2025-08-07 14:40:11.387 [main] INFO  tests.ui.BaseTest - iOS platform - App already launched, skipping URL navigation
&amp#27;[m&amp#27;[32m2025-08-07 14:40:11.387 [main] INFO  tests.ui.BaseTest - Test setup completed successfully
&amp#27;[m&amp#27;[32m2025-08-07 14:40:11.476 [main] INFO  tests.ui.BaseTest - TEST STEP: Starting login flow test
&amp#27;[m&amp#27;[32;1m2025-08-07 14:40:11.482 [main] DEBUG pages.ios.IOSBasePage - IOSBasePage initialized
&amp#27;[m&amp#27;[32m2025-08-07 14:40:11.488 [main] INFO  pages.ios.IOSHomePage - IOSHomePage initialized
&amp#27;[m&amp#27;[32;1m2025-08-07 14:40:11.489 [main] DEBUG pages.ios.IOSBasePage - IOSBasePage initialized
&amp#27;[m&amp#27;[32m2025-08-07 14:40:11.489 [main] INFO  pages.ios.IOSLoginPage - IOSLoginPage initialized
&amp#27;[m&amp#27;[32m2025-08-07 14:40:11.489 [main] INFO  tests.ui.BaseTest - TEST STEP: Verifying home page is loaded
&amp#27;[m&amp#27;[32m2025-08-07 14:40:11.827 [main] INFO  tests.ui.BaseTest - TEST INFO: Home page verified successfully
&amp#27;[m&amp#27;[32m2025-08-07 14:40:11.827 [main] INFO  tests.ui.BaseTest - TEST STEP: Clicking sign in button
&amp#27;[m&amp#27;[32m2025-08-07 14:40:13.292 [main] INFO  pages.ios.IOSHomePage - Clicked iOS sign in button
&amp#27;[m&amp#27;[32m2025-08-07 14:40:13.292 [main] INFO  tests.ui.BaseTest - TEST INFO: Sign in button clicked
&amp#27;[m&amp#27;[32m2025-08-07 14:40:13.292 [main] INFO  tests.ui.BaseTest - TEST INFO: Current platform: ios
&amp#27;[m&amp#27;[32m2025-08-07 14:40:13.292 [main] INFO  tests.ui.BaseTest - TEST STEP: Handling iOS login flow
&amp#27;[m&amp#27;[32m2025-08-07 14:40:13.529 [main] INFO  tests.ui.BaseTest - TEST STEP: Clicking 'Sign in or register'
&amp#27;[m&amp#27;[32m2025-08-07 14:40:14.709 [main] INFO  pages.ios.IOSLoginPage - Clicked 'Sign in or register' button
&amp#27;[m&amp#27;[32m2025-08-07 14:40:14.710 [main] INFO  tests.ui.BaseTest - TEST INFO: 'Sign in or register' clicked
&amp#27;[m&amp#27;[32m2025-08-07 14:40:14.710 [main] INFO  tests.ui.BaseTest - TEST STEP: Clicking 'Continue with email'
&amp#27;[m&amp#27;[32m2025-08-07 14:40:15.749 [main] INFO  pages.ios.IOSLoginPage - Clicked 'Continue with email' button
&amp#27;[m&amp#27;[32m2025-08-07 14:40:15.749 [main] INFO  tests.ui.BaseTest - TEST INFO: 'Continue with email' clicked
&amp#27;[m&amp#27;[32m2025-08-07 14:40:15.750 [main] INFO  tests.ui.BaseTest - TEST STEP: Entering email: test.booking@gmail.com
&amp#27;[m&amp#27;[32m2025-08-07 14:40:17.306 [main] INFO  pages.ios.IOSLoginPage - Entered email: test.booking@gmail.com
&amp#27;[m&amp#27;[32m2025-08-07 14:40:17.306 [main] INFO  tests.ui.BaseTest - TEST INFO: Email entered successfully
&amp#27;[m&amp#27;[32m2025-08-07 14:40:17.306 [main] INFO  tests.ui.BaseTest - TEST STEP: Verifying login flow completed to email entry
&amp#27;[m&amp#27;[32m2025-08-07 14:40:38.440 [main] INFO  tests.ui.BaseTest - TEST INFO: Login flow test completed successfully - Email entry step reached
&amp#27;[m]]></system-out>
    <system-err><![CDATA[SLF4J(W): No SLF4J providers were found.
SLF4J(W): Defaulting to no-operation (NOP) logger implementation
SLF4J(W): See https://www.slf4j.org/codes.html#noProviders for further details.
]]></system-err>
  </testcase>
</testsuite>