<?xml version="1.0" encoding="UTF-8"?>
<!-- Generated by org.testng.reporters.JUnitReportReporter -->
<testsuite hostname="192.168.1.4" failures="0" tests="1" name="tests.ui.LoginTest" time="51.595" errors="0" timestamp="2025-08-11T14:48:15 GMT+03:00" skipped="0">
  <testcase classname="tests.ui.LoginTest" name="testLoginFlowToEmailEntry" time="51.595"/>
</testsuite> <!-- tests.ui.LoginTest -->
