<?xml version="1.0" encoding="UTF-8"?>
<!-- Generated by org.testng.reporters.JUnitReportReporter -->
<testsuite hostname="192.168.1.4" failures="0" tests="1" name="tests.ui.LoginFlowTest" time="33.058" errors="0" timestamp="2025-08-07T14:40:38 GMT+03:00" skipped="0">
  <testcase classname="tests.ui.LoginFlowTest" name="testLoginFlowToEmailEntry" time="33.058"/>
</testsuite> <!-- tests.ui.LoginFlowTest -->
