<?xml version="1.0" encoding="UTF-8"?>
<!-- Generated by org.testng.reporters.JUnitReportReporter -->
<testsuite hostname="192.168.1.4" failures="0" tests="1" name="tests.ui.LoginFlowTest" time="61.796" errors="0" timestamp="2025-08-11T13:31:09 GMT+03:00" skipped="0">
  <testcase classname="tests.ui.LoginFlowTest" name="testLoginFlowToEmailEntry" time="61.796"/>
</testsuite> <!-- tests.ui.LoginFlowTest -->
